-------------------------------------------------------------------------------
Test set: TestSuite
-------------------------------------------------------------------------------
Tests run: 3, Failures: 1, Errors: 0, Skipped: 0, Time elapsed: 64.171 s <<< FAILURE! - in TestSuite
com.udemy.SearchTest.searchSome  Time elapsed: 18.775 s  <<< FAILURE!
java.lang.AssertionError: did not expect to find [false] but found [true]
	at com.udemy.SearchTest.searchSome(SearchTest.java:16)

