<?xml version="1.0" encoding="UTF-8"?>
<testng-results ignored="0" total="3" passed="3" failed="0" skipped="0">
  <reporter-output>
  </reporter-output>
  <suite started-at="2020-06-17T16:56:03 EEST" name="UdemyWeb" finished-at="2020-06-17T16:56:33 EEST" duration-ms="30070">
    <groups>
    </groups>
    <test started-at="2020-06-17T16:56:03 EEST" name="Categories Menu Test" finished-at="2020-06-17T16:56:11 EEST" duration-ms="7676">
      <class name="com.udemy.CategoriesMenuTest">
        <test-method is-config="true" signature="openBrowser()[pri:0, instance:com.udemy.CategoriesMenuTest@1e802ef9]" started-at="2020-06-17T16:56:03 EEST" name="openBrowser" description="Open browser" finished-at="2020-06-17T16:56:06 EEST" duration-ms="2910" status="PASS">
          <reporter-output>
          </reporter-output>
        </test-method> <!-- openBrowser -->
        <test-method signature="checkCategories()[pri:0, instance:com.udemy.CategoriesMenuTest@1e802ef9]" started-at="2020-06-17T16:56:06 EEST" name="checkCategories" description="Testing of categories in the Categories menu" finished-at="2020-06-17T16:56:10 EEST" duration-ms="4567" status="PASS">
          <reporter-output>
          </reporter-output>
        </test-method> <!-- checkCategories -->
        <test-method is-config="true" signature="closeBrowser()[pri:0, instance:com.udemy.CategoriesMenuTest@1e802ef9]" started-at="2020-06-17T16:56:10 EEST" name="closeBrowser" description="Close browser" finished-at="2020-06-17T16:56:11 EEST" duration-ms="152" status="PASS">
          <reporter-output>
          </reporter-output>
        </test-method> <!-- closeBrowser -->
      </class> <!-- com.udemy.CategoriesMenuTest -->
    </test> <!-- Categories Menu Test -->
    <test started-at="2020-06-17T16:56:11 EEST" name="Search Test" finished-at="2020-06-17T16:56:19 EEST" duration-ms="8785">
      <class name="com.udemy.SearchTest">
        <test-method is-config="true" signature="openBrowser()[pri:0, instance:com.udemy.SearchTest@ef9296d]" started-at="2020-06-17T16:56:11 EEST" name="openBrowser" description="Open browser" finished-at="2020-06-17T16:56:12 EEST" duration-ms="1685" status="PASS">
          <reporter-output>
          </reporter-output>
        </test-method> <!-- openBrowser -->
        <test-method signature="searchSome()[pri:0, instance:com.udemy.SearchTest@ef9296d]" started-at="2020-06-17T16:56:12 EEST" name="searchSome" description="Search some text" finished-at="2020-06-17T16:56:19 EEST" duration-ms="6964" status="PASS">
          <reporter-output>
          </reporter-output>
        </test-method> <!-- searchSome -->
        <test-method is-config="true" signature="closeBrowser()[pri:0, instance:com.udemy.SearchTest@ef9296d]" started-at="2020-06-17T16:56:19 EEST" name="closeBrowser" description="Close browser" finished-at="2020-06-17T16:56:19 EEST" duration-ms="134" status="PASS">
          <reporter-output>
          </reporter-output>
        </test-method> <!-- closeBrowser -->
      </class> <!-- com.udemy.SearchTest -->
    </test> <!-- Search Test -->
    <test started-at="2020-06-17T16:56:19 EEST" name="Check  Business and Teach Links Test" finished-at="2020-06-17T16:56:33 EEST" duration-ms="13524">
      <class name="com.udemy.CheckLinksTest">
        <test-method is-config="true" signature="openBrowser()[pri:0, instance:com.udemy.CheckLinksTest@78b66d36]" started-at="2020-06-17T16:56:19 EEST" name="openBrowser" description="Open browser" finished-at="2020-06-17T16:56:21 EEST" duration-ms="1633" status="PASS">
          <reporter-output>
          </reporter-output>
        </test-method> <!-- openBrowser -->
        <test-method signature="checkLinks()[pri:0, instance:com.udemy.CheckLinksTest@78b66d36]" started-at="2020-06-17T16:56:21 EEST" name="checkLinks" description="Check  Business and Teach Links" finished-at="2020-06-17T16:56:33 EEST" duration-ms="11682" status="PASS">
          <reporter-output>
          </reporter-output>
        </test-method> <!-- checkLinks -->
        <test-method is-config="true" signature="closeBrowser()[pri:0, instance:com.udemy.CheckLinksTest@78b66d36]" started-at="2020-06-17T16:56:33 EEST" name="closeBrowser" description="Close browser" finished-at="2020-06-17T16:56:33 EEST" duration-ms="205" status="PASS">
          <reporter-output>
          </reporter-output>
        </test-method> <!-- closeBrowser -->
      </class> <!-- com.udemy.CheckLinksTest -->
    </test> <!-- Check  Business and Teach Links Test -->
  </suite> <!-- UdemyWeb -->
</testng-results>
