<?xml version="1.0" encoding="UTF-8"?>
<testng-results ignored="0" total="2" passed="2" failed="0" skipped="0">
  <reporter-output>
  </reporter-output>
  <suite started-at="2020-05-21T18:03:09 EEST" name="UdemyWeb" finished-at="2020-05-21T18:03:37 EEST" duration-ms="27603">
    <groups>
    </groups>
    <test started-at="2020-05-21T18:03:09 EEST" name="Registration tests" finished-at="2020-05-21T18:03:25 EEST" duration-ms="16065">
      <class name="com.udemy.RegistrationTest">
        <test-method is-config="true" signature="openBrowser()[pri:0, instance:com.udemy.RegistrationTest@1e802ef9]" started-at="2020-05-21T18:03:09 EEST" name="openBrowser" description="Open browser" finished-at="2020-05-21T18:03:12 EEST" duration-ms="3258" status="PASS">
          <reporter-output>
          </reporter-output>
        </test-method> <!-- openBrowser -->
        <test-method signature="registrationWithValidCredentials()[pri:0, instance:com.udemy.RegistrationTest@1e802ef9]" started-at="2020-05-21T18:03:12 EEST" name="registrationWithValidCredentials" description="Registration With Valid Credentials" finished-at="2020-05-21T18:03:25 EEST" duration-ms="12507" status="PASS">
          <reporter-output>
          </reporter-output>
        </test-method> <!-- registrationWithValidCredentials -->
        <test-method is-config="true" signature="closeBrowser()[pri:0, instance:com.udemy.RegistrationTest@1e802ef9]" started-at="2020-05-21T18:03:25 EEST" name="closeBrowser" description="Close browser" finished-at="2020-05-21T18:03:25 EEST" duration-ms="253" status="PASS">
          <reporter-output>
          </reporter-output>
        </test-method> <!-- closeBrowser -->
      </class> <!-- com.udemy.RegistrationTest -->
    </test> <!-- Registration tests -->
    <test started-at="2020-05-21T18:03:25 EEST" name="Login tests" finished-at="2020-05-21T18:03:37 EEST" duration-ms="11465">
      <class name="com.udemy.LoginTest">
        <test-method is-config="true" signature="openBrowser()[pri:0, instance:com.udemy.LoginTest@ef9296d]" started-at="2020-05-21T18:03:25 EEST" name="openBrowser" description="Open browser" finished-at="2020-05-21T18:03:27 EEST" duration-ms="1896" status="PASS">
          <reporter-output>
          </reporter-output>
        </test-method> <!-- openBrowser -->
        <test-method signature="LoginWithCookies()[pri:0, instance:com.udemy.LoginTest@ef9296d]" started-at="2020-05-21T18:03:27 EEST" name="LoginWithCookies" description="Login With Cookies" finished-at="2020-05-21T18:03:36 EEST" duration-ms="9367" status="PASS">
          <reporter-output>
          </reporter-output>
        </test-method> <!-- LoginWithCookies -->
        <test-method is-config="true" signature="closeBrowser()[pri:0, instance:com.udemy.LoginTest@ef9296d]" started-at="2020-05-21T18:03:36 EEST" name="closeBrowser" description="Close browser" finished-at="2020-05-21T18:03:37 EEST" duration-ms="200" status="PASS">
          <reporter-output>
          </reporter-output>
        </test-method> <!-- closeBrowser -->
      </class> <!-- com.udemy.LoginTest -->
    </test> <!-- Login tests -->
  </suite> <!-- UdemyWeb -->
</testng-results>
