<?xml version="1.0" encoding="UTF-8"?>
<testsuite xmlns:xsi="http://www.w3.org/2001/XMLSchema-instance" xsi:noNamespaceSchemaLocation="https://maven.apache.org/surefire/maven-surefire-plugin/xsd/surefire-test-report-3.0.xsd" version="3.0" name="TestSuite" time="34.525" tests="2" errors="0" skipped="0" failures="1">
  <properties>
[...]
</properties>
  <testcase name="LoginWithCookies" classname="com.udemy.LoginTest" time="10.182"/>
  <testcase name="registrationWithValidCredentials" classname="com.udemy.RegistrationTest" time="15.926">
    <failure message="Expected condition failed: waiting for element to be clickable: By.xpath: //*[@data-purpose=&apos;user-dropdown&apos;] (tried for 5 second(s) with 500 milliseconds interval)" type="org.openqa.selenium.TimeoutException"><![CDATA[org.openqa.selenium.TimeoutException: Expected condition failed: waiting for element to be clickable: By.xpath: //*[@data-purpose='user-dropdown'] (tried for 5 second(s) with 500 milliseconds interval)
	at com.udemy.RegistrationTest.registrationWithValidCredentials(RegistrationTest.java:63)
Caused by: org.openqa.selenium.NoSuchElementException: 
no such element: Unable to locate element: {"method":"xpath","selector":"//*[@data-purpose='user-dropdown']"}
  (Session info: chrome=81.0.4044.138)
For documentation on this error, please visit: https://www.seleniumhq.org/exceptions/no_such_element.html
Build info: version: '3.141.59', revision: 'e82be7d358', time: '2018-11-14T08:17:03'
System info: host: 'ek-mm-016', ip: '192.168.1.254', os.name: 'Mac OS X', os.arch: 'x86_64', os.version: '10.15.3', java.version: '13.0.2'
Driver info: org.openqa.selenium.chrome.ChromeDriver
Capabilities {acceptInsecureCerts: false, browserName: chrome, browserVersion: 81.0.4044.138, chrome: {chromedriverVersion: 81.0.4044.138 (8c6c7ba89cc9..., userDataDir: /var/folders/wq/h_pqlbrx2pj...}, goog:chromeOptions: {debuggerAddress: localhost:59926}, javascriptEnabled: true, networkConnectionEnabled: false, pageLoadStrategy: normal, platform: MAC, platformName: MAC, proxy: Proxy(), setWindowRect: true, strictFileInteractability: false, timeouts: {implicit: 0, pageLoad: 300000, script: 30000}, unhandledPromptBehavior: dismiss and notify, webauthn:virtualAuthenticators: true}
Session ID: 576f043c278a77c55d77bffcab45c4d6
*** Element info: {Using=xpath, value=//*[@data-purpose='user-dropdown']}
	at com.udemy.RegistrationTest.registrationWithValidCredentials(RegistrationTest.java:63)
]]></failure>
    <system-err><![CDATA[Starting ChromeDriver 81.0.4044.138 (8c6c7ba89cc9453625af54f11fd83179e23450fa-refs/branch-heads/4044@{#999}) on port 23488
Only local connections are allowed.
Please protect ports used by ChromeDriver and related test frameworks to prevent access by malicious code.
May 14, 2020 11:34:53 AM org.openqa.selenium.remote.ProtocolHandshake createSession
INFO: Detected dialect: W3C
[1589445294.863][SEVERE]: Timed out receiving message from renderer: 0.100
[1589445295.570][SEVERE]: Timed out receiving message from renderer: 0.100
[1589445296.315][SEVERE]: Timed out receiving message from renderer: 0.100
[1589445298.978][SEVERE]: Timed out receiving message from renderer: 0.100
]]></system-err>
  </testcase>
</testsuite>